app/build/intermediates/manifest_merge_blame_file/debug/manifest-merger-blame-debug-report.txt
1<?xml version="1.0" encoding="utf-8"?>
2<manifest xmlns:android="http://schemas.android.com/apk/res/android"
3    package="com.example.unorpproject"
4    android:versionCode="1"
5    android:versionName="1.0" >
6
7    <uses-sdk
8        android:minSdkVersion="24"
8-->src\main\AndroidManifest.xml
9        android:targetSdkVersion="31" />
9-->src\main\AndroidManifest.xml
10
11    <application
11-->src\main\AndroidManifest.xml:5:5-38:19
12        android:allowBackup="true"
12-->src\main\AndroidManifest.xml:6:9-35
13        android:appComponentFactory="androidx.core.app.CoreComponentFactory"
13-->[androidx.core:core:1.5.0] AndroidManifest.xml:24:18-86
14        android:debuggable="true"
15        android:extractNativeLibs="false"
16        android:icon="@mipmap/ic_launcher"
16-->src\main\AndroidManifest.xml:7:9-43
17        android:label="@string/app_name"
17-->src\main\AndroidManifest.xml:8:9-41
18        android:roundIcon="@mipmap/ic_launcher_round"
18-->src\main\AndroidManifest.xml:9:9-54
19        android:supportsRtl="true"
19-->src\main\AndroidManifest.xml:10:9-35
20        android:testOnly="true"
21        android:theme="@style/Theme.UNORPproject" >
21-->src\main\AndroidManifest.xml:11:9-50
22        <activity
22-->src\main\AndroidManifest.xml:12:9-15:54
23            android:name="com.example.unorpproject.AreaLogged"
23-->src\main\AndroidManifest.xml:13:13-39
24            android:exported="true"
24-->src\main\AndroidManifest.xml:14:13-36
25            android:parentActivityName="com.example.unorpproject.LoginForm" />
25-->src\main\AndroidManifest.xml:15:13-52
26        <activity
26-->src\main\AndroidManifest.xml:16:9-19:55
27            android:name="com.example.unorpproject.AreaUsuario"
27-->src\main\AndroidManifest.xml:17:13-40
28            android:exported="true"
28-->src\main\AndroidManifest.xml:18:13-36
29            android:parentActivityName="com.example.unorpproject.AreaLogged" />
29-->src\main\AndroidManifest.xml:19:13-53
30        <activity
30-->src\main\AndroidManifest.xml:20:9-23:54
31            android:name="com.example.unorpproject.MainActivity"
31-->src\main\AndroidManifest.xml:21:13-41
32            android:exported="true"
32-->src\main\AndroidManifest.xml:22:13-36
33            android:parentActivityName="com.example.unorpproject.LoginForm" />
33-->src\main\AndroidManifest.xml:23:13-52
34        <activity
34-->src\main\AndroidManifest.xml:24:9-27:54
35            android:name="com.example.unorpproject.CadastroForm"
35-->src\main\AndroidManifest.xml:25:13-41
36            android:exported="true"
36-->src\main\AndroidManifest.xml:26:13-36
37            android:parentActivityName="com.example.unorpproject.LoginForm" />
37-->src\main\AndroidManifest.xml:27:13-52
38        <activity
38-->src\main\AndroidManifest.xml:28:9-37:20
39            android:name="com.example.unorpproject.LoginForm"
39-->src\main\AndroidManifest.xml:29:13-38
40            android:exported="true"
40-->src\main\AndroidManifest.xml:30:13-36
41            android:launchMode="singleTop" >
41-->src\main\AndroidManifest.xml:31:13-43
42            <intent-filter>
42-->src\main\AndroidManifest.xml:32:13-36:29
43                <action android:name="android.intent.action.MAIN" />
43-->src\main\AndroidManifest.xml:33:17-69
43-->src\main\AndroidManifest.xml:33:25-66
44
45                <category android:name="android.intent.category.LAUNCHER" />
45-->src\main\AndroidManifest.xml:35:17-77
45-->src\main\AndroidManifest.xml:35:27-74
46            </intent-filter>
47        </activity>
48    </application>
49
50</manifest>